#
# There is insufficient memory for the Java Runtime Environment to continue.
# Native memory allocation (malloc) failed to allocate 32744 bytes. Error detail: Chunk::new
# Possible reasons:
#   The system is out of physical RAM or swap space
#   This process is running with CompressedOops enabled, and the Java Heap may be blocking the growth of the native heap
# Possible solutions:
#   Reduce memory load on the system
#   Increase physical memory or swap space
#   Check if swap backing store is full
#   Decrease Java heap size (-Xmx/-Xms)
#   Decrease number of Java threads
#   Decrease Java thread stack sizes (-Xss)
#   Set larger code cache with -XX:ReservedCodeCacheSize=
#   JVM is running with Unscaled Compressed Oops mode in which the Java heap is
#     placed in the first 4GB address space. The Java Heap base address is the
#     maximum limit for the native heap growth. Please use -XX:HeapBaseMinAddress
#     to set the Java Heap base and to place the Java Heap above 4GB virtual address.
# This output file may be truncated or incomplete.
#
#  Out of Memory Error (arena.cpp:150), pid=4932, tid=19944
#
# JRE version: OpenJDK Runtime Environment Temurin-22.0.2+9 (22.0.2+9) (build 22.0.2+9)
# Java VM: OpenJDK 64-Bit Server VM Temurin-22.0.2+9 (22.0.2+9, mixed mode, tiered, compressed oops, compressed class ptrs, g1 gc, windows-amd64)
# No core dump will be written. Minidumps are not enabled by default on client versions of Windows
#

---------------  S U M M A R Y ------------

Command Line: -Dfile.encoding=UTF-8 -Dstdout.encoding=UTF-8 -Dstderr.encoding=UTF-8 -XX:+ShowCodeDetailsInExceptionMessages Vista_Pantalla

Host: AMD 3020e with Radeon Graphics                 , 2 cores, 5G,  Windows 10 , 64 bit Build 19041 (10.0.19041.5438)
Time: Tue Feb 25 08:28:30 2025 Hora estándar Montañas (México) elapsed time: 49.366613 seconds (0d 0h 0m 49s)

---------------  T H R E A D  ---------------

Current thread (0x000001c170b86890):  JavaThread "C1 CompilerThread0" daemon [_thread_in_native, id=19944, stack(0x000000bf30800000,0x000000bf30900000) (1024K)]


Current CompileTask:
C1:49366 1151       3       sun.java2d.pipe.BufferedContext::validate (575 bytes)

Stack: [0x000000bf30800000,0x000000bf30900000]
Native frames: (J=compiled Java code, j=interpreted, Vv=VM code, C=native code)
V  [jvm.dll+0x6ea6a9]  (no source info available)
V  [jvm.dll+0x8cdbf3]  (no source info available)
V  [jvm.dll+0x8d001e]  (no source info available)
V  [jvm.dll+0x8d06f3]  (no source info available)
V  [jvm.dll+0x286dc6]  (no source info available)
V  [jvm.dll+0xc3b8f]  (no source info available)
V  [jvm.dll+0xc3deb]  (no source info available)
V  [jvm.dll+0x18ebb9]  (no source info available)
V  [jvm.dll+0x18cf44]  (no source info available)
V  [jvm.dll+0x18828f]  (no source info available)
V  [jvm.dll+0x1829fe]  (no source info available)
V  [jvm.dll+0x170a90]  (no source info available)
V  [jvm.dll+0x1595d2]  (no source info available)
V  [jvm.dll+0x158e03]  (no source info available)
V  [jvm.dll+0x1590e0]  (no source info available)
V  [jvm.dll+0x15845d]  (no source info available)
V  [jvm.dll+0x15a31d]  (no source info available)
V  [jvm.dll+0x25d312]  (no source info available)
V  [jvm.dll+0x25b5da]  (no source info available)
V  [jvm.dll+0x3fc036]  (no source info available)
V  [jvm.dll+0x875e6b]  (no source info available)
V  [jvm.dll+0x6e8da5]  (no source info available)
C  [ucrtbase.dll+0x21bb2]  (no source info available)
C  [KERNEL32.DLL+0x17374]  (no source info available)
C  [ntdll.dll+0x4cc91]  (no source info available)


---------------  P R O C E S S  ---------------

Threads class SMR info:
_java_thread_list=0x000001c1753f8270, length=17, elements={
0x000001c170a4de30, 0x000001c170a36970, 0x000001c170a36fe0, 0x000001c170a37650,
0x000001c170b84480, 0x000001c170b85830, 0x000001c170b861d0, 0x000001c170b86890,
0x000001c170d4c3d0, 0x000001c170d46d40, 0x000001c170e84560, 0x000001c170e84bd0,
0x000001c170e85240, 0x000001c17531aa20, 0x000001c157f9b710, 0x000001c175474c40,
0x000001c1755ad140
}

Java Threads: ( => current thread )
  0x000001c170a4de30 JavaThread "Reference Handler"          daemon [_thread_blocked, id=7280, stack(0x000000bf30100000,0x000000bf30200000) (1024K)]
  0x000001c170a36970 JavaThread "Finalizer"                  daemon [_thread_blocked, id=22592, stack(0x000000bf30200000,0x000000bf30300000) (1024K)]
  0x000001c170a36fe0 JavaThread "Signal Dispatcher"          daemon [_thread_blocked, id=22016, stack(0x000000bf30300000,0x000000bf30400000) (1024K)]
  0x000001c170a37650 JavaThread "Attach Listener"            daemon [_thread_blocked, id=22768, stack(0x000000bf30400000,0x000000bf30500000) (1024K)]
  0x000001c170b84480 JavaThread "Service Thread"             daemon [_thread_blocked, id=1844, stack(0x000000bf30500000,0x000000bf30600000) (1024K)]
  0x000001c170b85830 JavaThread "Monitor Deflation Thread"   daemon [_thread_blocked, id=23228, stack(0x000000bf30600000,0x000000bf30700000) (1024K)]
  0x000001c170b861d0 JavaThread "C2 CompilerThread0"         daemon [_thread_blocked, id=7844, stack(0x000000bf30700000,0x000000bf30800000) (1024K)]
=>0x000001c170b86890 JavaThread "C1 CompilerThread0"         daemon [_thread_in_native, id=19944, stack(0x000000bf30800000,0x000000bf30900000) (1024K)]
  0x000001c170d4c3d0 JavaThread "Notification Thread"        daemon [_thread_blocked, id=9000, stack(0x000000bf30900000,0x000000bf30a00000) (1024K)]
  0x000001c170d46d40 JavaThread "Common-Cleaner"             daemon [_thread_blocked, id=22964, stack(0x000000bf30a00000,0x000000bf30b00000) (1024K)]
  0x000001c170e84560 JavaThread "Java2D Disposer"            daemon [_thread_blocked, id=6404, stack(0x000000bf30b00000,0x000000bf30c00000) (1024K)]
  0x000001c170e84bd0 JavaThread "AWT-Shutdown"                      [_thread_blocked, id=22568, stack(0x000000bf30c00000,0x000000bf30d00000) (1024K)]
  0x000001c170e85240 JavaThread "AWT-Windows"                daemon [_thread_in_native, id=23672, stack(0x000000bf30d00000,0x000000bf30e00000) (1024K)]
  0x000001c17531aa20 JavaThread "AWT-EventQueue-0"                  [_thread_blocked, id=10784, stack(0x000000bf31500000,0x000000bf31600000) (1024K)]
  0x000001c157f9b710 JavaThread "DestroyJavaVM"                     [_thread_blocked, id=24204, stack(0x000000bf2f900000,0x000000bf2fa00000) (1024K)]
  0x000001c175474c40 JavaThread "D3D Screen Updater"         daemon [_thread_blocked, id=22716, stack(0x000000bf31700000,0x000000bf31800000) (1024K)]
  0x000001c1755ad140 JavaThread "TimerQueue"                 daemon [_thread_blocked, id=22876, stack(0x000000bf31900000,0x000000bf31a00000) (1024K)]
Total: 17

Other Threads:
  0x000001c1709c12e0 VMThread "VM Thread"                           [id=11400, stack(0x000000bf30000000,0x000000bf30100000) (1024K)]
  0x000001c15a15eb80 WatcherThread "VM Periodic Task Thread"        [id=22052, stack(0x000000bf2ff00000,0x000000bf30000000) (1024K)]
  0x000001c15a0d4ab0 WorkerThread "GC Thread#0"                     [id=22728, stack(0x000000bf2fa00000,0x000000bf2fb00000) (1024K)]
  0x000001c17547b8c0 WorkerThread "GC Thread#1"                     [id=9628, stack(0x000000bf31800000,0x000000bf31900000) (1024K)]
  0x000001c15a0e38b0 ConcurrentGCThread "G1 Main Marker"            [id=20464, stack(0x000000bf2fb00000,0x000000bf2fc00000) (1024K)]
  0x000001c15a0e5170 WorkerThread "G1 Conc#0"                       [id=21228, stack(0x000000bf2fc00000,0x000000bf2fd00000) (1024K)]
  0x000001c15a153cb0 ConcurrentGCThread "G1 Refine#0"               [id=23328, stack(0x000000bf2fd00000,0x000000bf2fe00000) (1024K)]
  0x000001c15a155360 ConcurrentGCThread "G1 Service"                [id=23524, stack(0x000000bf2fe00000,0x000000bf2ff00000) (1024K)]
Total: 8

Threads with active compile tasks:
C1 CompilerThread0  49512 1151       3       sun.java2d.pipe.BufferedContext::validate (575 bytes)
Total: 1

VM state: not at safepoint (normal execution)

VM Mutex/Monitor currently owned by a thread: None

Heap address: 0x00000000a1e00000, size: 1506 MB, Compressed Oops mode: 32-bit

CDS archive(s) not mapped
Compressed class space mapped at: 0x0000000013000000-0x0000000053000000, reserved size: 1073741824
Narrow klass base: 0x0000000000000000, Narrow klass shift: 0, Narrow klass range: 0x53000000

GC Precious Log:
 CardTable entry size: 512
 Card Set container configuration: InlinePtr #cards 5 size 8 Array Of Cards #cards 12 size 40 Howl #buckets 4 coarsen threshold 1843 Howl Bitmap #cards 512 size 80 coarsen threshold 460 Card regions per heap region 1 cards per card region 2048
 CPUs: 2 total, 2 available
 Memory: 6020M
 Large Page Support: Disabled
 NUMA Support: Disabled
 Compressed Oops: Enabled (32-bit)
 Heap Region Size: 1M
 Heap Min Capacity: 8M
 Heap Initial Capacity: 96M
 Heap Max Capacity: 1506M
 Pre-touch: Disabled
 Parallel Workers: 2
 Concurrent Workers: 1
 Concurrent Refinement Workers: 2
 Periodic GC: Disabled

Heap:
 garbage-first heap   total reserved 1542144K, committed 98304K, used 4096K [0x00000000a1e00000, 0x0000000100000000)
  region size 1024K, 3 young (3072K), 1 survivors (1024K)
 Metaspace       used 15121K, committed 15296K, reserved 1114112K
  class space    used 1538K, committed 1600K, reserved 1048576K

Heap Regions: E=young(eden), S=young(survivor), O=old, HS=humongous(starts), HC=humongous(continues), CS=collection set, F=free, TAMS=top-at-mark-start, PB=parsable bottom
|   0|0x00000000a1e00000, 0x00000000a1f00000, 0x00000000a1f00000|100%|HS|  |TAMS 0x00000000a1e00000| PB 0x00000000a1e00000| Complete |  0
|   1|0x00000000a1f00000, 0x00000000a2000000, 0x00000000a2000000|100%| O|  |TAMS 0x00000000a1f00000| PB 0x00000000a1f00000| Untracked |  0
|   2|0x00000000a2000000, 0x00000000a2000000, 0x00000000a2100000|  0%| F|  |TAMS 0x00000000a2000000| PB 0x00000000a2000000| Untracked |  0
|   3|0x00000000a2100000, 0x00000000a2100000, 0x00000000a2200000|  0%| F|  |TAMS 0x00000000a2100000| PB 0x00000000a2100000| Untracked |  0
|   4|0x00000000a2200000, 0x00000000a2200000, 0x00000000a2300000|  0%| F|  |TAMS 0x00000000a2200000| PB 0x00000000a2200000| Untracked |  0
|   5|0x00000000a2300000, 0x00000000a2300000, 0x00000000a2400000|  0%| F|  |TAMS 0x00000000a2300000| PB 0x00000000a2300000| Untracked |  0
|   6|0x00000000a2400000, 0x00000000a2400000, 0x00000000a2500000|  0%| F|  |TAMS 0x00000000a2400000| PB 0x00000000a2400000| Untracked |  0
|   7|0x00000000a2500000, 0x00000000a2500000, 0x00000000a2600000|  0%| F|  |TAMS 0x00000000a2500000| PB 0x00000000a2500000| Untracked |  0
|   8|0x00000000a2600000, 0x00000000a2600000, 0x00000000a2700000|  0%| F|  |TAMS 0x00000000a2600000| PB 0x00000000a2600000| Untracked |  0
|   9|0x00000000a2700000, 0x00000000a2700000, 0x00000000a2800000|  0%| F|  |TAMS 0x00000000a2700000| PB 0x00000000a2700000| Untracked |  0
|  10|0x00000000a2800000, 0x00000000a2800000, 0x00000000a2900000|  0%| F|  |TAMS 0x00000000a2800000| PB 0x00000000a2800000| Untracked |  0
|  11|0x00000000a2900000, 0x00000000a2900000, 0x00000000a2a00000|  0%| F|  |TAMS 0x00000000a2900000| PB 0x00000000a2900000| Untracked |  0
|  12|0x00000000a2a00000, 0x00000000a2a00000, 0x00000000a2b00000|  0%| F|  |TAMS 0x00000000a2a00000| PB 0x00000000a2a00000| Untracked |  0
|  13|0x00000000a2b00000, 0x00000000a2b00000, 0x00000000a2c00000|  0%| F|  |TAMS 0x00000000a2b00000| PB 0x00000000a2b00000| Untracked |  0
|  14|0x00000000a2c00000, 0x00000000a2c00000, 0x00000000a2d00000|  0%| F|  |TAMS 0x00000000a2c00000| PB 0x00000000a2c00000| Untracked |  0
|  15|0x00000000a2d00000, 0x00000000a2d00000, 0x00000000a2e00000|  0%| F|  |TAMS 0x00000000a2d00000| PB 0x00000000a2d00000| Untracked |  0
|  16|0x00000000a2e00000, 0x00000000a2e00000, 0x00000000a2f00000|  0%| F|  |TAMS 0x00000000a2e00000| PB 0x00000000a2e00000| Untracked |  0
|  17|0x00000000a2f00000, 0x00000000a2f00000, 0x00000000a3000000|  0%| F|  |TAMS 0x00000000a2f00000| PB 0x00000000a2f00000| Untracked |  0
|  18|0x00000000a3000000, 0x00000000a3000000, 0x00000000a3100000|  0%| F|  |TAMS 0x00000000a3000000| PB 0x00000000a3000000| Untracked |  0
|  19|0x00000000a3100000, 0x00000000a3100000, 0x00000000a3200000|  0%| F|  |TAMS 0x00000000a3100000| PB 0x00000000a3100000| Untracked |  0
|  20|0x00000000a3200000, 0x00000000a3200000, 0x00000000a3300000|  0%| F|  |TAMS 0x00000000a3200000| PB 0x00000000a3200000| Untracked |  0
|  21|0x00000000a3300000, 0x00000000a3300000, 0x00000000a3400000|  0%| F|  |TAMS 0x00000000a3300000| PB 0x00000000a3300000| Untracked |  0
|  22|0x00000000a3400000, 0x00000000a3400000, 0x00000000a3500000|  0%| F|  |TAMS 0x00000000a3400000| PB 0x00000000a3400000| Untracked |  0
|  23|0x00000000a3500000, 0x00000000a3500000, 0x00000000a3600000|  0%| F|  |TAMS 0x00000000a3500000| PB 0x00000000a3500000| Untracked |  0
|  24|0x00000000a3600000, 0x00000000a3600000, 0x00000000a3700000|  0%| F|  |TAMS 0x00000000a3600000| PB 0x00000000a3600000| Untracked |  0
|  25|0x00000000a3700000, 0x00000000a3700000, 0x00000000a3800000|  0%| F|  |TAMS 0x00000000a3700000| PB 0x00000000a3700000| Untracked |  0
|  26|0x00000000a3800000, 0x00000000a3800000, 0x00000000a3900000|  0%| F|  |TAMS 0x00000000a3800000| PB 0x00000000a3800000| Untracked |  0
|  27|0x00000000a3900000, 0x00000000a3900000, 0x00000000a3a00000|  0%| F|  |TAMS 0x00000000a3900000| PB 0x00000000a3900000| Untracked |  0
|  28|0x00000000a3a00000, 0x00000000a3a00000, 0x00000000a3b00000|  0%| F|  |TAMS 0x00000000a3a00000| PB 0x00000000a3a00000| Untracked |  0
|  29|0x00000000a3b00000, 0x00000000a3b00000, 0x00000000a3c00000|  0%| F|  |TAMS 0x00000000a3b00000| PB 0x00000000a3b00000| Untracked |  0
|  30|0x00000000a3c00000, 0x00000000a3c00000, 0x00000000a3d00000|  0%| F|  |TAMS 0x00000000a3c00000| PB 0x00000000a3c00000| Untracked |  0
|  31|0x00000000a3d00000, 0x00000000a3d00000, 0x00000000a3e00000|  0%| F|  |TAMS 0x00000000a3d00000| PB 0x00000000a3d00000| Untracked |  0
|  32|0x00000000a3e00000, 0x00000000a3e00000, 0x00000000a3f00000|  0%| F|  |TAMS 0x00000000a3e00000| PB 0x00000000a3e00000| Untracked |  0
|  33|0x00000000a3f00000, 0x00000000a3f00000, 0x00000000a4000000|  0%| F|  |TAMS 0x00000000a3f00000| PB 0x00000000a3f00000| Untracked |  0
|  34|0x00000000a4000000, 0x00000000a4000000, 0x00000000a4100000|  0%| F|  |TAMS 0x00000000a4000000| PB 0x00000000a4000000| Untracked |  0
|  35|0x00000000a4100000, 0x00000000a4100000, 0x00000000a4200000|  0%| F|  |TAMS 0x00000000a4100000| PB 0x00000000a4100000| Untracked |  0
|  36|0x00000000a4200000, 0x00000000a4200000, 0x00000000a4300000|  0%| F|  |TAMS 0x00000000a4200000| PB 0x00000000a4200000| Untracked |  0
|  37|0x00000000a4300000, 0x00000000a4300000, 0x00000000a4400000|  0%| F|  |TAMS 0x00000000a4300000| PB 0x00000000a4300000| Untracked |  0
|  38|0x00000000a4400000, 0x00000000a4400000, 0x00000000a4500000|  0%| F|  |TAMS 0x00000000a4400000| PB 0x00000000a4400000| Untracked |  0
|  39|0x00000000a4500000, 0x00000000a4500000, 0x00000000a4600000|  0%| F|  |TAMS 0x00000000a4500000| PB 0x00000000a4500000| Untracked |  0
|  40|0x00000000a4600000, 0x00000000a4600000, 0x00000000a4700000|  0%| F|  |TAMS 0x00000000a4600000| PB 0x00000000a4600000| Untracked |  0
|  41|0x00000000a4700000, 0x00000000a4700000, 0x00000000a4800000|  0%| F|  |TAMS 0x00000000a4700000| PB 0x00000000a4700000| Untracked |  0
|  42|0x00000000a4800000, 0x00000000a4800000, 0x00000000a4900000|  0%| F|  |TAMS 0x00000000a4800000| PB 0x00000000a4800000| Untracked |  0
|  43|0x00000000a4900000, 0x00000000a4900000, 0x00000000a4a00000|  0%| F|  |TAMS 0x00000000a4900000| PB 0x00000000a4900000| Untracked |  0
|  44|0x00000000a4a00000, 0x00000000a4a00000, 0x00000000a4b00000|  0%| F|  |TAMS 0x00000000a4a00000| PB 0x00000000a4a00000| Untracked |  0
|  45|0x00000000a4b00000, 0x00000000a4b00000, 0x00000000a4c00000|  0%| F|  |TAMS 0x00000000a4b00000| PB 0x00000000a4b00000| Untracked |  0
|  46|0x00000000a4c00000, 0x00000000a4c00000, 0x00000000a4d00000|  0%| F|  |TAMS 0x00000000a4c00000| PB 0x00000000a4c00000| Untracked |  0
|  47|0x00000000a4d00000, 0x00000000a4d00000, 0x00000000a4e00000|  0%| F|  |TAMS 0x00000000a4d00000| PB 0x00000000a4d00000| Untracked |  0
|  48|0x00000000a4e00000, 0x00000000a4e00000, 0x00000000a4f00000|  0%| F|  |TAMS 0x00000000a4e00000| PB 0x00000000a4e00000| Untracked |  0
|  49|0x00000000a4f00000, 0x00000000a4f00000, 0x00000000a5000000|  0%| F|  |TAMS 0x00000000a4f00000| PB 0x00000000a4f00000| Untracked |  0
|  50|0x00000000a5000000, 0x00000000a5000000, 0x00000000a5100000|  0%| F|  |TAMS 0x00000000a5000000| PB 0x00000000a5000000| Untracked |  0
|  51|0x00000000a5100000, 0x00000000a5100000, 0x00000000a5200000|  0%| F|  |TAMS 0x00000000a5100000| PB 0x00000000a5100000| Untracked |  0
|  52|0x00000000a5200000, 0x00000000a5200000, 0x00000000a5300000|  0%| F|  |TAMS 0x00000000a5200000| PB 0x00000000a5200000| Untracked |  0
|  53|0x00000000a5300000, 0x00000000a5300000, 0x00000000a5400000|  0%| F|  |TAMS 0x00000000a5300000| PB 0x00000000a5300000| Untracked |  0
|  54|0x00000000a5400000, 0x00000000a5400000, 0x00000000a5500000|  0%| F|  |TAMS 0x00000000a5400000| PB 0x00000000a5400000| Untracked |  0
|  55|0x00000000a5500000, 0x00000000a5500000, 0x00000000a5600000|  0%| F|  |TAMS 0x00000000a5500000| PB 0x00000000a5500000| Untracked |  0
|  56|0x00000000a5600000, 0x00000000a5600000, 0x00000000a5700000|  0%| F|  |TAMS 0x00000000a5600000| PB 0x00000000a5600000| Untracked |  0
|  57|0x00000000a5700000, 0x00000000a5700000, 0x00000000a5800000|  0%| F|  |TAMS 0x00000000a5700000| PB 0x00000000a5700000| Untracked |  0
|  58|0x00000000a5800000, 0x00000000a5800000, 0x00000000a5900000|  0%| F|  |TAMS 0x00000000a5800000| PB 0x00000000a5800000| Untracked |  0
|  59|0x00000000a5900000, 0x00000000a5900000, 0x00000000a5a00000|  0%| F|  |TAMS 0x00000000a5900000| PB 0x00000000a5900000| Untracked |  0
|  60|0x00000000a5a00000, 0x00000000a5a00000, 0x00000000a5b00000|  0%| F|  |TAMS 0x00000000a5a00000| PB 0x00000000a5a00000| Untracked |  0
|  61|0x00000000a5b00000, 0x00000000a5b00000, 0x00000000a5c00000|  0%| F|  |TAMS 0x00000000a5b00000| PB 0x00000000a5b00000| Untracked |  0
|  62|0x00000000a5c00000, 0x00000000a5c00000, 0x00000000a5d00000|  0%| F|  |TAMS 0x00000000a5c00000| PB 0x00000000a5c00000| Untracked |  0
|  63|0x00000000a5d00000, 0x00000000a5d00000, 0x00000000a5e00000|  0%| F|  |TAMS 0x00000000a5d00000| PB 0x00000000a5d00000| Untracked |  0
|  64|0x00000000a5e00000, 0x00000000a5e00000, 0x00000000a5f00000|  0%| F|  |TAMS 0x00000000a5e00000| PB 0x00000000a5e00000| Untracked |  0
|  65|0x00000000a5f00000, 0x00000000a5f00000, 0x00000000a6000000|  0%| F|  |TAMS 0x00000000a5f00000| PB 0x00000000a5f00000| Untracked |  0
|  66|0x00000000a6000000, 0x00000000a6000000, 0x00000000a6100000|  0%| F|  |TAMS 0x00000000a6000000| PB 0x00000000a6000000| Untracked |  0
|  67|0x00000000a6100000, 0x00000000a6100000, 0x00000000a6200000|  0%| F|  |TAMS 0x00000000a6100000| PB 0x00000000a6100000| Untracked |  0
|  68|0x00000000a6200000, 0x00000000a6200000, 0x00000000a6300000|  0%| F|  |TAMS 0x00000000a6200000| PB 0x00000000a6200000| Untracked |  0
|  69|0x00000000a6300000, 0x00000000a6300000, 0x00000000a6400000|  0%| F|  |TAMS 0x00000000a6300000| PB 0x00000000a6300000| Untracked |  0
|  70|0x00000000a6400000, 0x00000000a6400000, 0x00000000a6500000|  0%| F|  |TAMS 0x00000000a6400000| PB 0x00000000a6400000| Untracked |  0
|  71|0x00000000a6500000, 0x00000000a6500000, 0x00000000a6600000|  0%| F|  |TAMS 0x00000000a6500000| PB 0x00000000a6500000| Untracked |  0
|  72|0x00000000a6600000, 0x00000000a6600000, 0x00000000a6700000|  0%| F|  |TAMS 0x00000000a6600000| PB 0x00000000a6600000| Untracked |  0
|  73|0x00000000a6700000, 0x00000000a6700000, 0x00000000a6800000|  0%| F|  |TAMS 0x00000000a6700000| PB 0x00000000a6700000| Untracked |  0
|  74|0x00000000a6800000, 0x00000000a6800000, 0x00000000a6900000|  0%| F|  |TAMS 0x00000000a6800000| PB 0x00000000a6800000| Untracked |  0
|  75|0x00000000a6900000, 0x00000000a6900000, 0x00000000a6a00000|  0%| F|  |TAMS 0x00000000a6900000| PB 0x00000000a6900000| Untracked |  0
|  76|0x00000000a6a00000, 0x00000000a6a00000, 0x00000000a6b00000|  0%| F|  |TAMS 0x00000000a6a00000| PB 0x00000000a6a00000| Untracked |  0
|  77|0x00000000a6b00000, 0x00000000a6b00000, 0x00000000a6c00000|  0%| F|  |TAMS 0x00000000a6b00000| PB 0x00000000a6b00000| Untracked |  0
|  78|0x00000000a6c00000, 0x00000000a6c00000, 0x00000000a6d00000|  0%| F|  |TAMS 0x00000000a6c00000| PB 0x00000000a6c00000| Untracked |  0
|  79|0x00000000a6d00000, 0x00000000a6d00000, 0x00000000a6e00000|  0%| F|  |TAMS 0x00000000a6d00000| PB 0x00000000a6d00000| Untracked |  0
|  80|0x00000000a6e00000, 0x00000000a6e00000, 0x00000000a6f00000|  0%| F|  |TAMS 0x00000000a6e00000| PB 0x00000000a6e00000| Untracked |  0
|  81|0x00000000a6f00000, 0x00000000a6f00000, 0x00000000a7000000|  0%| F|  |TAMS 0x00000000a6f00000| PB 0x00000000a6f00000| Untracked |  0
|  82|0x00000000a7000000, 0x00000000a7000000, 0x00000000a7100000|  0%| F|  |TAMS 0x00000000a7000000| PB 0x00000000a7000000| Untracked |  0
|  83|0x00000000a7100000, 0x00000000a7100000, 0x00000000a7200000|  0%| F|  |TAMS 0x00000000a7100000| PB 0x00000000a7100000| Untracked |  0
|  84|0x00000000a7200000, 0x00000000a7200000, 0x00000000a7300000|  0%| F|  |TAMS 0x00000000a7200000| PB 0x00000000a7200000| Untracked |  0
|  85|0x00000000a7300000, 0x00000000a7300000, 0x00000000a7400000|  0%| F|  |TAMS 0x00000000a7300000| PB 0x00000000a7300000| Untracked |  0
|  86|0x00000000a7400000, 0x00000000a7400000, 0x00000000a7500000|  0%| F|  |TAMS 0x00000000a7400000| PB 0x00000000a7400000| Untracked |  0
|  87|0x00000000a7500000, 0x00000000a7500000, 0x00000000a7600000|  0%| F|  |TAMS 0x00000000a7500000| PB 0x00000000a7500000| Untracked |  0
|  88|0x00000000a7600000, 0x00000000a7700000, 0x00000000a7700000|100%| S|CS|TAMS 0x00000000a7600000| PB 0x00000000a7600000| Complete |  0
|  89|0x00000000a7700000, 0x00000000a7700000, 0x00000000a7800000|  0%| F|  |TAMS 0x00000000a7700000| PB 0x00000000a7700000| Untracked |  0
|  90|0x00000000a7800000, 0x00000000a7800000, 0x00000000a7900000|  0%| F|  |TAMS 0x00000000a7800000| PB 0x00000000a7800000| Untracked |  0
|  91|0x00000000a7900000, 0x00000000a7900000, 0x00000000a7a00000|  0%| F|  |TAMS 0x00000000a7900000| PB 0x00000000a7900000| Untracked |  0
|  92|0x00000000a7a00000, 0x00000000a7a00000, 0x00000000a7b00000|  0%| F|  |TAMS 0x00000000a7a00000| PB 0x00000000a7a00000| Untracked |  0
|  93|0x00000000a7b00000, 0x00000000a7b00000, 0x00000000a7c00000|  0%| F|  |TAMS 0x00000000a7b00000| PB 0x00000000a7b00000| Untracked |  0
|  94|0x00000000a7c00000, 0x00000000a7c233a8, 0x00000000a7d00000| 13%| E|  |TAMS 0x00000000a7c00000| PB 0x00000000a7c00000| Complete |  0
|  95|0x00000000a7d00000, 0x00000000a7e00000, 0x00000000a7e00000|100%| E|CS|TAMS 0x00000000a7d00000| PB 0x00000000a7d00000| Complete |  0

Card table byte_map: [0x000001c16cb90000,0x000001c16ce90000] _byte_map_base: 0x000001c16c681000

Marking Bits: (CMBitMap*) 0x000001c15a0d51c0
 Bits: [0x000001c16ce90000, 0x000001c16e618000)

Polling page: 0x000001c158200000

Metaspace:

Usage:
  Non-class:     13.26 MB used.
      Class:      1.50 MB used.
       Both:     14.77 MB used.

Virtual space:
  Non-class space:       64.00 MB reserved,      13.38 MB ( 21%) committed,  1 nodes.
      Class space:        1.00 GB reserved,       1.56 MB ( <1%) committed,  1 nodes.
             Both:        1.06 GB reserved,      14.94 MB (  1%) committed. 

Chunk freelists:
   Non-Class:  2.48 MB
       Class:  14.25 MB
        Both:  16.73 MB

MaxMetaspaceSize: unlimited
CompressedClassSpaceSize: 1.00 GB
Initial GC threshold: 21.00 MB
Current GC threshold: 21.00 MB
CDS: off
 - commit_granule_bytes: 65536.
 - commit_granule_words: 8192.
 - virtual_space_node_default_size: 8388608.
 - enlarge_chunks_in_place: 1.
 - use_allocation_guard: 0.


Internal statistics:

num_allocs_failed_limit: 0.
num_arena_births: 148.
num_arena_deaths: 0.
num_vsnodes_births: 2.
num_vsnodes_deaths: 0.
num_space_committed: 239.
num_space_uncommitted: 0.
num_chunks_returned_to_freelist: 0.
num_chunks_taken_from_freelist: 220.
num_chunk_merges: 0.
num_chunk_splits: 115.
num_chunks_enlarged: 41.
num_inconsistent_stats: 0.

CodeHeap 'non-profiled nmethods': size=120064Kb used=283Kb max_used=283Kb free=119780Kb
 bounds [0x000001c165650000, 0x000001c1658c0000, 0x000001c16cb90000]
CodeHeap 'profiled nmethods': size=120000Kb used=1678Kb max_used=1678Kb free=118321Kb
 bounds [0x000001c15db90000, 0x000001c15de00000, 0x000001c1650c0000]
CodeHeap 'non-nmethods': size=5696Kb used=1556Kb max_used=1570Kb free=4139Kb
 bounds [0x000001c1650c0000, 0x000001c165330000, 0x000001c165650000]
 total_blobs=1774 nmethods=1150 adapters=529
 compilation: enabled
              stopped_count=0, restarted_count=0
 full_count=0

Compilation events (20 events):
Event: 47.283 Thread 0x000001c170b86890 nmethod 1141 0x000001c15dd2d010 code [0x000001c15dd2d1c0, 0x000001c15dd2d4f0]
Event: 47.283 Thread 0x000001c170b86890 1142       3       java.awt.font.FontRenderContext::hashCode (71 bytes)
Event: 47.285 Thread 0x000001c170b86890 nmethod 1142 0x000001c15dd2d590 code [0x000001c15dd2d7e0, 0x000001c15dd2e108]
Event: 47.285 Thread 0x000001c170b86890 1143       3       sun.font.FontDesignMetrics::getDefaultFrc (53 bytes)
Event: 47.287 Thread 0x000001c170b86890 nmethod 1143 0x000001c15dd2e390 code [0x000001c15dd2e640, 0x000001c15dd2f198]
Event: 47.287 Thread 0x000001c170b86890 1144       3       sun.swing.SwingUtilities2::getFRCProperty (38 bytes)
Event: 47.288 Thread 0x000001c170b86890 nmethod 1144 0x000001c15dd2f510 code [0x000001c15dd2f700, 0x000001c15dd2fad0]
Event: 47.288 Thread 0x000001c170b86890 1145       1       javax.swing.text.AbstractDocument$BranchElement::getElementCount (5 bytes)
Event: 47.289 Thread 0x000001c170b86890 nmethod 1145 0x000001c165696590 code [0x000001c165696720, 0x000001c1656967e8]
Event: 47.787 Thread 0x000001c170b86890 1146       1       java.util.IdentityHashMap::size (5 bytes)
Event: 47.787 Thread 0x000001c170b86890 nmethod 1146 0x000001c165696890 code [0x000001c165696a20, 0x000001c165696ae8]
Event: 47.789 Thread 0x000001c170b86890 1147  s    3       sun.java2d.d3d.D3DRenderQueue::getInstance (33 bytes)
Event: 47.791 Thread 0x000001c170b86890 nmethod 1147 0x000001c15dd2fc90 code [0x000001c15dd2fee0, 0x000001c15dd309f0]
Event: 48.301 Thread 0x000001c170b86890 1148       3       javax.swing.text.PlainView::updateMetrics (121 bytes)
Event: 48.306 Thread 0x000001c170b86890 nmethod 1148 0x000001c15dd30d90 code [0x000001c15dd31100, 0x000001c15dd32cb8]
Event: 48.804 Thread 0x000001c170b86890 1149       3       java.awt.Component::getForeground (29 bytes)
Event: 48.805 Thread 0x000001c170b86890 nmethod 1149 0x000001c15dd33490 code [0x000001c15dd33660, 0x000001c15dd33a28]
Event: 49.313 Thread 0x000001c170b86890 1150       1       javax.swing.JComponent::isOptimizedDrawingEnabled (2 bytes)
Event: 49.314 Thread 0x000001c170b86890 nmethod 1150 0x000001c165696b90 code [0x000001c165696d20, 0x000001c165696de8]
Event: 49.315 Thread 0x000001c170b86890 1151       3       sun.java2d.pipe.BufferedContext::validate (575 bytes)

GC Heap History (2 events):
Event: 1.121 GC heap before
{Heap before GC invocations=0 (full 0):
 garbage-first heap   total reserved 1542144K, committed 98304K, used 8192K [0x00000000a1e00000, 0x0000000100000000)
  region size 1024K, 7 young (7168K), 0 survivors (0K)
 Metaspace       used 14618K, committed 14848K, reserved 1114112K
  class space    used 1509K, committed 1600K, reserved 1048576K
}
Event: 1.127 GC heap after
{Heap after GC invocations=1 (full 0):
 garbage-first heap   total reserved 1542144K, committed 98304K, used 3072K [0x00000000a1e00000, 0x0000000100000000)
  region size 1024K, 1 young (1024K), 1 survivors (1024K)
 Metaspace       used 14618K, committed 14848K, reserved 1114112K
  class space    used 1509K, committed 1600K, reserved 1048576K
}

Dll operation events (9 events):
Event: 0.013 Loaded shared library C:\Users\gennd\.p2\pool\plugins\org.eclipse.justj.openjdk.hotspot.jre.full.win32.x86_64_22.0.2.v20240802-1626\jre\bin\java.dll
Event: 0.020 Loaded shared library C:\Users\gennd\.p2\pool\plugins\org.eclipse.justj.openjdk.hotspot.jre.full.win32.x86_64_22.0.2.v20240802-1626\jre\bin\zip.dll
Event: 0.212 Loaded shared library C:\Users\gennd\.p2\pool\plugins\org.eclipse.justj.openjdk.hotspot.jre.full.win32.x86_64_22.0.2.v20240802-1626\jre\bin\jimage.dll
Event: 0.254 Loaded shared library C:\Users\gennd\.p2\pool\plugins\org.eclipse.justj.openjdk.hotspot.jre.full.win32.x86_64_22.0.2.v20240802-1626\jre\bin\awt.dll
Event: 0.679 Loaded shared library C:\Users\gennd\.p2\pool\plugins\org.eclipse.justj.openjdk.hotspot.jre.full.win32.x86_64_22.0.2.v20240802-1626\jre\bin\javajpeg.dll
Event: 0.811 Loaded shared library C:\Users\gennd\.p2\pool\plugins\org.eclipse.justj.openjdk.hotspot.jre.full.win32.x86_64_22.0.2.v20240802-1626\jre\bin\freetype.dll
Event: 0.813 Loaded shared library C:\Users\gennd\.p2\pool\plugins\org.eclipse.justj.openjdk.hotspot.jre.full.win32.x86_64_22.0.2.v20240802-1626\jre\bin\fontmanager.dll
Event: 0.931 Loaded shared library C:\Users\gennd\.p2\pool\plugins\org.eclipse.justj.openjdk.hotspot.jre.full.win32.x86_64_22.0.2.v20240802-1626\jre\bin\net.dll
Event: 0.934 Loaded shared library C:\Users\gennd\.p2\pool\plugins\org.eclipse.justj.openjdk.hotspot.jre.full.win32.x86_64_22.0.2.v20240802-1626\jre\bin\nio.dll

Deoptimization events (10 events):
Event: 0.908 Thread 0x000001c170e85240 DEOPT PACKING pc=0x000001c15dba8d7c sp=0x000000bf30dfc820
Event: 0.908 Thread 0x000001c170e85240 DEOPT UNPACKING pc=0x000001c165114e42 sp=0x000000bf30dfbc40 mode 0
Event: 1.055 Thread 0x000001c17531aa20 Uncommon trap: trap_request=0xffffff45 fr.pc=0x000001c1656817e4 relative=0x0000000000000064
Event: 1.055 Thread 0x000001c17531aa20 Uncommon trap: reason=unstable_if action=reinterpret pc=0x000001c1656817e4 method=java.lang.CharacterDataLatin1.toLowerCase(I)I @ 16 c2
Event: 1.055 Thread 0x000001c17531aa20 DEOPT PACKING pc=0x000001c1656817e4 sp=0x000000bf315fc6c0
Event: 1.055 Thread 0x000001c17531aa20 DEOPT UNPACKING pc=0x000001c1651146a2 sp=0x000000bf315fc640 mode 2
Event: 1.109 Thread 0x000001c17531aa20 Uncommon trap: trap_request=0xffffff45 fr.pc=0x000001c1656821ec relative=0x000000000000040c
Event: 1.109 Thread 0x000001c17531aa20 Uncommon trap: reason=unstable_if action=reinterpret pc=0x000001c1656821ec method=java.lang.CharacterDataLatin1.isUpperCase(I)Z @ 7 c2
Event: 1.109 Thread 0x000001c17531aa20 DEOPT PACKING pc=0x000001c1656821ec sp=0x000000bf315fcf20
Event: 1.109 Thread 0x000001c17531aa20 DEOPT UNPACKING pc=0x000001c1651146a2 sp=0x000000bf315fce28 mode 2

Classes loaded (20 events):
Event: 1.209 Loading class java/awt/Container$EventTargetFilter done
Event: 1.209 Loading class java/awt/Container$MouseEventTargetFilter done
Event: 1.209 Loading class java/awt/LightweightDispatcher$1
Event: 1.209 Loading class java/awt/LightweightDispatcher$1 done
Event: 1.209 Loading class java/awt/event/AWTEventListenerProxy
Event: 1.210 Loading class java/awt/event/AWTEventListenerProxy done
Event: 1.210 Loading class java/awt/Toolkit$SelectiveAWTEventListener
Event: 1.210 Loading class java/awt/Toolkit$SelectiveAWTEventListener done
Event: 1.210 Loading class java/awt/Toolkit$ToolkitEventMulticaster
Event: 1.210 Loading class java/awt/Toolkit$ToolkitEventMulticaster done
Event: 1.210 Loading class java/awt/event/MouseWheelEvent
Event: 1.210 Loading class java/awt/event/MouseWheelEvent done
Event: 1.712 Loading class javax/swing/Timer$1
Event: 1.712 Loading class javax/swing/Timer$1 done
Event: 9.053 Loading class java/awt/LightweightDispatcher$2
Event: 9.053 Loading class java/awt/LightweightDispatcher$2 done
Event: 37.873 Loading class sun/awt/windows/WInputMethod$1
Event: 37.873 Loading class sun/awt/windows/WInputMethod$1 done
Event: 37.875 Loading class java/awt/font/TextHitInfo
Event: 37.875 Loading class java/awt/font/TextHitInfo done

Classes unloaded (0 events):
No events

Classes redefined (0 events):
No events

Internal exceptions (16 events):
Event: 0.232 Thread 0x000001c157f9b710 Exception <a 'java/lang/ClassNotFoundException'{0x00000000a7c2bdc0}: sun/awt/resources/spi/awtProvider> (0x00000000a7c2bdc0) 
thrown [s\src\hotspot\share\classfile\systemDictionary.cpp, line 313]
Event: 0.276 Thread 0x000001c157f9b710 Exception <a 'java/io/FileNotFoundException'{0x00000000a7c871c0}> (0x00000000a7c871c0) 
thrown [s\src\hotspot\share\prims\jni.cpp, line 520]
Event: 0.286 Thread 0x000001c157f9b710 Exception <a 'java/io/FileNotFoundException'{0x00000000a7cb58f0}> (0x00000000a7cb58f0) 
thrown [s\src\hotspot\share\prims\jni.cpp, line 520]
Event: 0.553 Thread 0x000001c157f9b710 Exception <a 'java/lang/NoSuchMethodError'{0x00000000a7ba04d0}: 'void java.lang.invoke.DirectMethodHandle$Holder.invokeSpecial(java.lang.Object, java.lang.Object, java.lang.Object)'> (0x00000000a7ba04d0) 
thrown [s\src\hotspot\share\interpreter\linkResolver.cpp, line 774]
Event: 0.566 Thread 0x000001c157f9b710 Exception <a 'java/lang/NoSuchMethodError'{0x00000000a7bc6a40}: 'java.lang.Object java.lang.invoke.DirectMethodHandle$Holder.newInvokeSpecial(java.lang.Object, java.lang.Object, java.lang.Object, java.lang.Object, java.lang.Object)'> (0x00000000a7bc6a40) 
thrown [s\src\hotspot\share\interpreter\linkResolver.cpp, line 774]
Event: 0.574 Thread 0x000001c157f9b710 Exception <a 'java/lang/NoSuchMethodError'{0x00000000a7bf37e0}: 'java.lang.Object java.lang.invoke.DirectMethodHandle$Holder.invokeStatic(java.lang.Object, int, java.lang.Object)'> (0x00000000a7bf37e0) 
thrown [s\src\hotspot\share\interpreter\linkResolver.cpp, line 774]
Event: 0.625 Thread 0x000001c157f9b710 Exception <a 'java/lang/ClassNotFoundException'{0x00000000a7a963f8}: com/sun/swing/internal/plaf/metal/resources/spi/metalProvider> (0x00000000a7a963f8) 
thrown [s\src\hotspot\share\classfile\systemDictionary.cpp, line 313]
Event: 0.630 Thread 0x000001c157f9b710 Exception <a 'java/lang/ClassNotFoundException'{0x00000000a7a9b0d0}: com/sun/swing/internal/plaf/basic/resources/spi/basicProvider> (0x00000000a7a9b0d0) 
thrown [s\src\hotspot\share\classfile\systemDictionary.cpp, line 313]
Event: 0.658 Thread 0x000001c157f9b710 Exception <a 'java/lang/NoSuchMethodError'{0x00000000a7abe4c8}: 'int java.lang.invoke.Invokers$Holder.invokeExact_MT(java.lang.Object, java.lang.Object)'> (0x00000000a7abe4c8) 
thrown [s\src\hotspot\share\interpreter\linkResolver.cpp, line 774]
Event: 0.681 Thread 0x000001c1752f7240 Exception <a 'java/lang/NoSuchMethodError'{0x00000000a7ae27c8}: 'java.lang.Object java.lang.invoke.DirectMethodHandle$Holder.newInvokeSpecial(java.lang.Object, java.lang.Object, java.lang.Object, int, int, int, int, int)'> (0x00000000a7ae27c8) 
thrown [s\src\hotspot\share\interpreter\linkResolver.cpp, line 774]
Event: 0.804 Thread 0x000001c157f9b710 Exception <a 'java/lang/NoSuchMethodError'{0x00000000a7865230}: 'void java.lang.invoke.DirectMethodHandle$Holder.invokeStaticInit(java.lang.Object)'> (0x00000000a7865230) 
thrown [s\src\hotspot\share\interpreter\linkResolver.cpp, line 774]
Event: 0.907 Thread 0x000001c170e85240 Exception <a 'java/lang/NoSuchMethodError'{0x00000000a7b7abb8}: 'void java.lang.invoke.DirectMethodHandle$Holder.invokeVirtual(java.lang.Object, java.lang.Object)'> (0x00000000a7b7abb8) 
thrown [s\src\hotspot\share\interpreter\linkResolver.cpp, line 774]
Event: 1.079 Thread 0x000001c17531aa20 Exception <a 'java/io/FileNotFoundException'{0x00000000a7764a70}> (0x00000000a7764a70) 
thrown [s\src\hotspot\share\prims\jni.cpp, line 520]
Event: 1.104 Thread 0x000001c17531aa20 Exception <a 'java/io/FileNotFoundException'{0x00000000a77cea78}> (0x00000000a77cea78) 
thrown [s\src\hotspot\share\prims\jni.cpp, line 520]
Event: 1.130 Thread 0x000001c17531aa20 Exception <a 'java/io/FileNotFoundException'{0x00000000a7d0bfa8}> (0x00000000a7d0bfa8) 
thrown [s\src\hotspot\share\prims\jni.cpp, line 520]
Event: 1.148 Thread 0x000001c17531aa20 Exception <a 'java/io/FileNotFoundException'{0x00000000a7d70580}> (0x00000000a7d70580) 
thrown [s\src\hotspot\share\prims\jni.cpp, line 520]

ZGC Phase Switch (0 events):
No events

VM Operations (20 events):
Event: 1.121 Executing VM operation: G1CollectForAllocation (G1 Evacuation Pause)
Event: 1.127 Executing VM operation: G1CollectForAllocation (G1 Evacuation Pause) done
Event: 2.132 Executing VM operation: Cleanup
Event: 2.132 Executing VM operation: Cleanup done
Event: 4.147 Executing VM operation: Cleanup
Event: 4.147 Executing VM operation: Cleanup done
Event: 6.169 Executing VM operation: Cleanup
Event: 6.169 Executing VM operation: Cleanup done
Event: 7.184 Executing VM operation: Cleanup
Event: 7.184 Executing VM operation: Cleanup done
Event: 38.465 Executing VM operation: Cleanup
Event: 38.465 Executing VM operation: Cleanup done
Event: 39.466 Executing VM operation: Cleanup
Event: 39.466 Executing VM operation: Cleanup done
Event: 43.499 Executing VM operation: Cleanup
Event: 43.499 Executing VM operation: Cleanup done
Event: 45.508 Executing VM operation: Cleanup
Event: 45.508 Executing VM operation: Cleanup done
Event: 46.511 Executing VM operation: Cleanup
Event: 46.511 Executing VM operation: Cleanup done

Memory protections (0 events):
No events

Nmethod flushes (0 events):
No events

Events (20 events):
Event: 0.089 Thread 0x000001c157f9b710 Thread added: 0x000001c170a4de30
Event: 0.089 Thread 0x000001c157f9b710 Thread added: 0x000001c170a36970
Event: 0.091 Thread 0x000001c157f9b710 Thread added: 0x000001c170a36fe0
Event: 0.091 Thread 0x000001c157f9b710 Thread added: 0x000001c170a37650
Event: 0.091 Thread 0x000001c157f9b710 Thread added: 0x000001c170b84480
Event: 0.091 Thread 0x000001c157f9b710 Thread added: 0x000001c170b85830
Event: 0.091 Thread 0x000001c157f9b710 Thread added: 0x000001c170b861d0
Event: 0.091 Thread 0x000001c157f9b710 Thread added: 0x000001c170b86890
Event: 0.142 Thread 0x000001c157f9b710 Thread added: 0x000001c170d4c3d0
Event: 0.149 Thread 0x000001c157f9b710 Thread added: 0x000001c170d46d40
Event: 0.395 Thread 0x000001c157f9b710 Thread added: 0x000001c170e84560
Event: 0.397 Thread 0x000001c157f9b710 Thread added: 0x000001c170e84bd0
Event: 0.403 Thread 0x000001c157f9b710 Thread added: 0x000001c170e85240
Event: 0.676 Thread 0x000001c157f9b710 Thread added: 0x000001c1752f7240
Event: 0.782 Thread 0x000001c170e85240 Thread added: 0x000001c17531aa20
Event: 0.911 Thread 0x000001c157f9b710 Thread exited: 0x000001c157f9b710
Event: 0.911 Thread 0x000001c157f9b710 Thread added: 0x000001c157f9b710
Event: 0.919 Thread 0x000001c17531aa20 Thread added: 0x000001c175474c40
Event: 1.197 Thread 0x000001c17531aa20 Thread added: 0x000001c1755ad140
Event: 5.750 Thread 0x000001c1752f7240 Thread exited: 0x000001c1752f7240


Dynamic libraries:
0x00007ff627e20000 - 0x00007ff627e2e000 	C:\Users\gennd\.p2\pool\plugins\org.eclipse.justj.openjdk.hotspot.jre.full.win32.x86_64_22.0.2.v20240802-1626\jre\bin\javaw.exe
0x00007ff95cd50000 - 0x00007ff95cf48000 	C:\WINDOWS\SYSTEM32\ntdll.dll
0x00007ff95be50000 - 0x00007ff95bf12000 	C:\WINDOWS\System32\KERNEL32.DLL
0x00007ff95a640000 - 0x00007ff95a93f000 	C:\WINDOWS\System32\KERNELBASE.dll
0x00007ff95a540000 - 0x00007ff95a640000 	C:\WINDOWS\System32\ucrtbase.dll
0x00007ff9387b0000 - 0x00007ff9387c7000 	C:\Users\gennd\.p2\pool\plugins\org.eclipse.justj.openjdk.hotspot.jre.full.win32.x86_64_22.0.2.v20240802-1626\jre\bin\jli.dll
0x00007ff95add0000 - 0x00007ff95af6d000 	C:\WINDOWS\System32\USER32.dll
0x00007ff95a3f0000 - 0x00007ff95a412000 	C:\WINDOWS\System32\win32u.dll
0x00007ff95c5c0000 - 0x00007ff95c5eb000 	C:\WINDOWS\System32\GDI32.dll
0x00007ff95a420000 - 0x00007ff95a53a000 	C:\WINDOWS\System32\gdi32full.dll
0x00007ff95a940000 - 0x00007ff95a9dd000 	C:\WINDOWS\System32\msvcp_win.dll
0x00007ff938400000 - 0x00007ff93841b000 	C:\Users\gennd\.p2\pool\plugins\org.eclipse.justj.openjdk.hotspot.jre.full.win32.x86_64_22.0.2.v20240802-1626\jre\bin\VCRUNTIME140.dll
0x00007ff9438e0000 - 0x00007ff943b7a000 	C:\WINDOWS\WinSxS\amd64_microsoft.windows.common-controls_6595b64144ccf1df_6.0.19041.4355_none_60b8b9eb71f62e16\COMCTL32.dll
0x00007ff95bba0000 - 0x00007ff95bc3e000 	C:\WINDOWS\System32\msvcrt.dll
0x00007ff95af70000 - 0x00007ff95af9f000 	C:\WINDOWS\System32\IMM32.DLL
0x00007ff93c820000 - 0x00007ff93c82c000 	C:\Users\gennd\.p2\pool\plugins\org.eclipse.justj.openjdk.hotspot.jre.full.win32.x86_64_22.0.2.v20240802-1626\jre\bin\vcruntime140_1.dll
0x00007ff936ba0000 - 0x00007ff936c2e000 	C:\Users\gennd\.p2\pool\plugins\org.eclipse.justj.openjdk.hotspot.jre.full.win32.x86_64_22.0.2.v20240802-1626\jre\bin\msvcp140.dll
0x00007ff8fbaa0000 - 0x00007ff8fc863000 	C:\Users\gennd\.p2\pool\plugins\org.eclipse.justj.openjdk.hotspot.jre.full.win32.x86_64_22.0.2.v20240802-1626\jre\bin\server\jvm.dll
0x00007ff95afa0000 - 0x00007ff95b04f000 	C:\WINDOWS\System32\ADVAPI32.dll
0x00007ff95bfa0000 - 0x00007ff95c03f000 	C:\WINDOWS\System32\sechost.dll
0x00007ff95bd20000 - 0x00007ff95be43000 	C:\WINDOWS\System32\RPCRT4.dll
0x00007ff95abb0000 - 0x00007ff95abd7000 	C:\WINDOWS\System32\bcrypt.dll
0x00007ff95cc40000 - 0x00007ff95ccab000 	C:\WINDOWS\System32\WS2_32.dll
0x00007ff95a1a0000 - 0x00007ff95a1eb000 	C:\WINDOWS\SYSTEM32\POWRPROF.dll
0x00007ff94e5e0000 - 0x00007ff94e607000 	C:\WINDOWS\SYSTEM32\WINMM.dll
0x00007ff94e5d0000 - 0x00007ff94e5da000 	C:\WINDOWS\SYSTEM32\VERSION.dll
0x00007ff95a180000 - 0x00007ff95a192000 	C:\WINDOWS\SYSTEM32\UMPDC.dll
0x00007ff958c10000 - 0x00007ff958c22000 	C:\WINDOWS\SYSTEM32\kernel.appcore.dll
0x00007ff952ea0000 - 0x00007ff952eaa000 	C:\Users\gennd\.p2\pool\plugins\org.eclipse.justj.openjdk.hotspot.jre.full.win32.x86_64_22.0.2.v20240802-1626\jre\bin\jimage.dll
0x00007ff958a00000 - 0x00007ff958be4000 	C:\WINDOWS\SYSTEM32\DBGHELP.DLL
0x00007ff950ba0000 - 0x00007ff950bd4000 	C:\WINDOWS\SYSTEM32\dbgcore.DLL
0x00007ff95ac90000 - 0x00007ff95ad12000 	C:\WINDOWS\System32\bcryptPrimitives.dll
0x00007ff93e4e0000 - 0x00007ff93e4fe000 	C:\Users\gennd\.p2\pool\plugins\org.eclipse.justj.openjdk.hotspot.jre.full.win32.x86_64_22.0.2.v20240802-1626\jre\bin\java.dll
0x00007ff95b430000 - 0x00007ff95bb9d000 	C:\WINDOWS\System32\SHELL32.dll
0x00007ff95b300000 - 0x00007ff95b42b000 	C:\WINDOWS\System32\ole32.dll
0x00007ff95c8d0000 - 0x00007ff95cc25000 	C:\WINDOWS\System32\combase.dll
0x00007ff9385b0000 - 0x00007ff9385c7000 	C:\Users\gennd\.p2\pool\plugins\org.eclipse.justj.openjdk.hotspot.jre.full.win32.x86_64_22.0.2.v20240802-1626\jre\bin\zip.dll
0x00007ff958240000 - 0x00007ff9589e4000 	C:\WINDOWS\SYSTEM32\windows.storage.dll
0x00007ff959d50000 - 0x00007ff959d7f000 	C:\WINDOWS\SYSTEM32\Wldp.dll
0x00007ff95bc40000 - 0x00007ff95bd0d000 	C:\WINDOWS\System32\OLEAUT32.dll
0x00007ff95b190000 - 0x00007ff95b23d000 	C:\WINDOWS\System32\SHCORE.dll
0x00007ff95b2a0000 - 0x00007ff95b2f5000 	C:\WINDOWS\System32\shlwapi.dll
0x00007ff95a320000 - 0x00007ff95a344000 	C:\WINDOWS\SYSTEM32\profapi.dll
0x00007ff908fc0000 - 0x00007ff90914d000 	C:\Users\gennd\.p2\pool\plugins\org.eclipse.justj.openjdk.hotspot.jre.full.win32.x86_64_22.0.2.v20240802-1626\jre\bin\awt.dll
0x00007ff957510000 - 0x00007ff9575a4000 	C:\WINDOWS\SYSTEM32\apphelp.dll
0x00007ff957ab0000 - 0x00007ff957adf000 	C:\WINDOWS\system32\DWMAPI.DLL
0x00007ff9578c0000 - 0x00007ff95795e000 	C:\WINDOWS\system32\uxtheme.dll
0x00007ff91e4b0000 - 0x00007ff91e5d8000 	C:\WINDOWS\system32\opengl32.dll
0x00007ff91df80000 - 0x00007ff91dfac000 	C:\WINDOWS\SYSTEM32\GLU32.dll
0x00007ff95c5f0000 - 0x00007ff95c705000 	C:\WINDOWS\System32\MSCTF.dll
0x00007ff9258a0000 - 0x00007ff925a71000 	C:\WINDOWS\system32\d3d9.dll
0x00007ff94e610000 - 0x00007ff94e7eb000 	C:\WINDOWS\System32\DriverStore\FileRepository\u0361441.inf_amd64_122c374e035e7595\B361368\aticfx64.dll
0x00007ff938340000 - 0x00007ff938373000 	C:\WINDOWS\System32\DriverStore\FileRepository\u0361441.inf_amd64_122c374e035e7595\B361368\atiu9p64.dll
0x00007ff8fa350000 - 0x00007ff8fafe6000 	C:\WINDOWS\System32\DriverStore\FileRepository\u0361441.inf_amd64_122c374e035e7595\B361368\atiumd64.dll
0x000000005c900000 - 0x000000005d77e000 	C:\WINDOWS\System32\DriverStore\FileRepository\u0361441.inf_amd64_122c374e035e7595\B361368\atiumd6a.dll
0x00007ff94cc60000 - 0x00007ff94cc8f000 	C:\WINDOWS\SYSTEM32\amdihk64.dll
0x00007ff94e7f0000 - 0x00007ff94e82b000 	C:\WINDOWS\SYSTEM32\dxcore.dll
0x00007ff95ad20000 - 0x00007ff95ad6e000 	C:\WINDOWS\System32\cfgmgr32.dll
0x00007ff936ed0000 - 0x00007ff936efe000 	C:\Users\gennd\.p2\pool\plugins\org.eclipse.justj.openjdk.hotspot.jre.full.win32.x86_64_22.0.2.v20240802-1626\jre\bin\javajpeg.dll
0x00007ff9369c0000 - 0x00007ff936a47000 	C:\Users\gennd\.p2\pool\plugins\org.eclipse.justj.openjdk.hotspot.jre.full.win32.x86_64_22.0.2.v20240802-1626\jre\bin\freetype.dll
0x00007ff90f0e0000 - 0x00007ff90f1b8000 	C:\Users\gennd\.p2\pool\plugins\org.eclipse.justj.openjdk.hotspot.jre.full.win32.x86_64_22.0.2.v20240802-1626\jre\bin\fontmanager.dll
0x00007ff95b0e0000 - 0x00007ff95b189000 	C:\WINDOWS\System32\clbcatq.dll
0x00007ff957700000 - 0x00007ff9578b4000 	C:\WINDOWS\SYSTEM32\WindowsCodecs.dll
0x00007ff92ec30000 - 0x00007ff92ec6e000 	C:\WINDOWS\system32\dataexchange.dll
0x00007ff9561e0000 - 0x00007ff956443000 	C:\WINDOWS\system32\d3d11.dll
0x00007ff956a10000 - 0x00007ff956bf4000 	C:\WINDOWS\system32\dcomp.dll
0x00007ff958da0000 - 0x00007ff958e96000 	C:\WINDOWS\system32\dxgi.dll
0x00007ff953330000 - 0x00007ff953533000 	C:\WINDOWS\system32\twinapi.appcore.dll
0x00007ff94c450000 - 0x00007ff94c549000 	C:\WINDOWS\SYSTEM32\textinputframework.dll
0x00007ff956f80000 - 0x00007ff9572db000 	C:\WINDOWS\System32\CoreUIComponents.dll
0x00007ff9572e0000 - 0x00007ff9573d2000 	C:\WINDOWS\System32\CoreMessaging.dll
0x00007ff959620000 - 0x00007ff959653000 	C:\WINDOWS\SYSTEM32\ntmarta.dll
0x00007ff955c20000 - 0x00007ff955d77000 	C:\WINDOWS\SYSTEM32\wintypes.dll
0x00007ff948360000 - 0x00007ff948370000 	C:\Users\gennd\.p2\pool\plugins\org.eclipse.justj.openjdk.hotspot.jre.full.win32.x86_64_22.0.2.v20240802-1626\jre\bin\net.dll
0x00007ff959ab0000 - 0x00007ff959b1c000 	C:\WINDOWS\system32\mswsock.dll
0x00007ff938420000 - 0x00007ff938436000 	C:\Users\gennd\.p2\pool\plugins\org.eclipse.justj.openjdk.hotspot.jre.full.win32.x86_64_22.0.2.v20240802-1626\jre\bin\nio.dll

dbghelp: loaded successfully - version: 4.0.5 - missing functions: none
symbol engine: initialized successfully - sym options: 0x614 - pdb path: .;C:\Users\gennd\.p2\pool\plugins\org.eclipse.justj.openjdk.hotspot.jre.full.win32.x86_64_22.0.2.v20240802-1626\jre\bin;C:\WINDOWS\SYSTEM32;C:\WINDOWS\WinSxS\amd64_microsoft.windows.common-controls_6595b64144ccf1df_6.0.19041.4355_none_60b8b9eb71f62e16;C:\Users\gennd\.p2\pool\plugins\org.eclipse.justj.openjdk.hotspot.jre.full.win32.x86_64_22.0.2.v20240802-1626\jre\bin\server;C:\WINDOWS\System32\DriverStore\FileRepository\u0361441.inf_amd64_122c374e035e7595\B361368

VM Arguments:
jvm_args: -Dfile.encoding=UTF-8 -Dstdout.encoding=UTF-8 -Dstderr.encoding=UTF-8 -XX:+ShowCodeDetailsInExceptionMessages 
java_command: Vista_Pantalla
java_class_path (initial): C:\Users\gennd\git\IDS_Programacion3\Ventana\bin
Launcher Type: SUN_STANDARD

[Global flags]
     intx CICompilerCount                          = 2                                         {product} {ergonomic}
     uint ConcGCThreads                            = 1                                         {product} {ergonomic}
     uint G1ConcRefinementThreads                  = 2                                         {product} {ergonomic}
   size_t G1HeapRegionSize                         = 1048576                                   {product} {ergonomic}
   size_t InitialHeapSize                          = 100663296                                 {product} {ergonomic}
   size_t MarkStackSize                            = 4194304                                   {product} {ergonomic}
   size_t MaxHeapSize                              = 1579155456                                {product} {ergonomic}
   size_t MaxNewSize                               = 946864128                                 {product} {ergonomic}
   size_t MinHeapDeltaBytes                        = 1048576                                   {product} {ergonomic}
   size_t MinHeapSize                              = 8388608                                   {product} {ergonomic}
    uintx NonNMethodCodeHeapSize                   = 5826188                                {pd product} {ergonomic}
    uintx NonProfiledCodeHeapSize                  = 122916026                              {pd product} {ergonomic}
    uintx ProfiledCodeHeapSize                     = 122916026                              {pd product} {ergonomic}
    uintx ReservedCodeCacheSize                    = 251658240                              {pd product} {ergonomic}
     bool SegmentedCodeCache                       = true                                      {product} {ergonomic}
     bool ShowCodeDetailsInExceptionMessages       = true                                   {manageable} {command line}
   size_t SoftMaxHeapSize                          = 1579155456                             {manageable} {ergonomic}
     bool UseCompressedOops                        = true                           {product lp64_product} {ergonomic}
     bool UseG1GC                                  = true                                      {product} {ergonomic}
     bool UseLargePagesIndividualAllocation        = false                                  {pd product} {ergonomic}

Logging:
Log output configuration:
 #0: stdout all=warning uptime,level,tags foldmultilines=false
 #1: stderr all=off uptime,level,tags foldmultilines=false

Environment Variables:
PATH=C:/Users/gennd/.p2/pool/plugins/org.eclipse.justj.openjdk.hotspot.jre.full.win32.x86_64_22.0.2.v20240802-1626/jre/bin/server;C:/Users/gennd/.p2/pool/plugins/org.eclipse.justj.openjdk.hotspot.jre.full.win32.x86_64_22.0.2.v20240802-1626/jre/bin;C:\ProgramData\Oracle\Java\javapath;C:\WINDOWS\system32;C:\WINDOWS;C:\WINDOWS\System32\Wbem;C:\WINDOWS\System32\WindowsPowerShell\v1.0\;C:\WINDOWS\System32\OpenSSH\;C:\Program Files\Git\cmd;C:\Users\gennd\AppData\Local\Microsoft\WindowsApps;;C:\Users\gennd\AppData\Local\Programs\Microsoft VS Code\bin;C:\WINDOWS\system32;
USERNAME=gennd
OS=Windows_NT
PROCESSOR_IDENTIFIER=AMD64 Family 23 Model 32 Stepping 1, AuthenticAMD
TMP=C:\Users\gennd\AppData\Local\Temp
TEMP=C:\Users\gennd\AppData\Local\Temp




Periodic native trim disabled

---------------  S Y S T E M  ---------------

OS:
 Windows 10 , 64 bit Build 19041 (10.0.19041.5438)
OS uptime: 1 days 12:55 hours

CPU: total 2 (initial active 2) (2 cores per cpu, 1 threads per core) family 23 model 32 stepping 1 microcode 0x0, cx8, cmov, fxsr, mmx, 3dnowpref, sse, sse2, sse3, ssse3, sse4a, sse4.1, sse4.2, popcnt, lzcnt, tsc, tscinvbit, avx, avx2, aes, clmul, bmi1, bmi2, adx, sha, fma, vzeroupper, clflush, clflushopt, rdtscp, f16c
Processor Information for all 2 processors :
  Max Mhz: 1200, Current Mhz: 1200, Mhz Limit: 1200

Memory: 4k page, system-wide physical 6020M (608M free)
TotalPageFile size 24452M (AvailPageFile size 0M)
current process WorkingSet (physical memory assigned to process): 100M, peak: 100M
current process commit charge ("private bytes"): 209M, peak: 209M

vm_info: OpenJDK 64-Bit Server VM (22.0.2+9) for windows-amd64 JRE (22.0.2+9), built on 2024-07-16T00:00:00Z by "admin" with MS VC++ 17.7 (VS2022)

END.
